<?xml version="1.0" encoding="UTF-8"?><testsuite errors="0" failures="0" name="com.gorest.userinfo.UserCURDTestWithSteps" skipped="0" tests="4" time="6.83" timestamp="2023-08-09T00:35:53.753+01:00[Europe/London]"><testcase classname="com.gorest.userinfo.UserCURDTestWithSteps" name="This will create a new User"/><testcase classname="com.gorest.userinfo.UserCURDTestWithSteps" name="Verify if the User is added to application"/><testcase classname="com.gorest.userinfo.UserCURDTestWithSteps" name="Update the student information and verify the updated information"/><testcase classname="com.gorest.userinfo.UserCURDTestWithSteps" name="This will delete student and verify that student is deleted"/></testsuite>